<?xml version="1.0" encoding="UTF-8"?>
<testsuite name="com.kwssis.kws.KwsApplicationTests" tests="1" skipped="0" failures="0" errors="0" timestamp="2021-05-26T17:11:45" hostname="DESKTOP-BQAM3D4" time="0.387">
  <properties/>
  <testcase name="contextLoads()" classname="com.kwssis.kws.KwsApplicationTests" time="0.387"/>
  <system-out><![CDATA[02:11:43.328 [Test worker] DEBUG org.springframework.test.context.BootstrapUtils - Instantiating CacheAwareContextLoaderDelegate from class [org.springframework.test.context.cache.DefaultCacheAwareContextLoaderDelegate]
02:11:43.342 [Test worker] DEBUG org.springframework.test.context.BootstrapUtils - Instantiating BootstrapContext using constructor [public org.springframework.test.context.support.DefaultBootstrapContext(java.lang.Class,org.springframework.test.context.CacheAwareContextLoaderDelegate)]
02:11:43.373 [Test worker] DEBUG org.springframework.test.context.BootstrapUtils - Instantiating TestContextBootstrapper for test class [com.kwssis.kws.KwsApplicationTests] from class [org.springframework.boot.test.context.SpringBootTestContextBootstrapper]
02:11:43.385 [Test worker] INFO org.springframework.boot.test.context.SpringBootTestContextBootstrapper - Neither @ContextConfiguration nor @ContextHierarchy found for test class [com.kwssis.kws.KwsApplicationTests], using SpringBootContextLoader
02:11:43.389 [Test worker] DEBUG org.springframework.test.context.support.AbstractContextLoader - Did not detect default resource location for test class [com.kwssis.kws.KwsApplicationTests]: class path resource [com/kwssis/kws/KwsApplicationTests-context.xml] does not exist
02:11:43.389 [Test worker] DEBUG org.springframework.test.context.support.AbstractContextLoader - Did not detect default resource location for test class [com.kwssis.kws.KwsApplicationTests]: class path resource [com/kwssis/kws/KwsApplicationTestsContext.groovy] does not exist
02:11:43.389 [Test worker] INFO org.springframework.test.context.support.AbstractContextLoader - Could not detect default resource locations for test class [com.kwssis.kws.KwsApplicationTests]: no resource found for suffixes {-context.xml, Context.groovy}.
02:11:43.390 [Test worker] INFO org.springframework.test.context.support.AnnotationConfigContextLoaderUtils - Could not detect default configuration classes for test class [com.kwssis.kws.KwsApplicationTests]: KwsApplicationTests does not declare any static, non-private, non-final, nested classes annotated with @Configuration.
02:11:43.429 [Test worker] DEBUG org.springframework.test.context.support.ActiveProfilesUtils - Could not find an 'annotation declaring class' for annotation type [org.springframework.test.context.ActiveProfiles] and class [com.kwssis.kws.KwsApplicationTests]
02:11:43.483 [Test worker] DEBUG org.springframework.context.annotation.ClassPathScanningCandidateComponentProvider - Identified candidate component class: file [C:\workSpace\kws\kws-api\build\classes\java\main\com\kwssis\kws\KwsApplication.class]
02:11:43.484 [Test worker] INFO org.springframework.boot.test.context.SpringBootTestContextBootstrapper - Found @SpringBootConfiguration com.kwssis.kws.KwsApplication for test class com.kwssis.kws.KwsApplicationTests
02:11:43.598 [Test worker] DEBUG org.springframework.boot.test.context.SpringBootTestContextBootstrapper - @TestExecutionListeners is not present for class [com.kwssis.kws.KwsApplicationTests]: using defaults.
02:11:43.599 [Test worker] INFO org.springframework.boot.test.context.SpringBootTestContextBootstrapper - Loaded default TestExecutionListener class names from location [META-INF/spring.factories]: [org.springframework.boot.test.autoconfigure.restdocs.RestDocsTestExecutionListener, org.springframework.boot.test.autoconfigure.web.client.MockRestServiceServerResetTestExecutionListener, org.springframework.boot.test.autoconfigure.web.servlet.MockMvcPrintOnlyOnFailureTestExecutionListener, org.springframework.boot.test.autoconfigure.web.servlet.WebDriverTestExecutionListener, org.springframework.boot.test.autoconfigure.webservices.client.MockWebServiceServerTestExecutionListener, org.springframework.boot.test.mock.mockito.MockitoTestExecutionListener, org.springframework.boot.test.mock.mockito.ResetMocksTestExecutionListener, org.springframework.test.context.web.ServletTestExecutionListener, org.springframework.test.context.support.DirtiesContextBeforeModesTestExecutionListener, org.springframework.test.context.event.ApplicationEventsTestExecutionListener, org.springframework.test.context.support.DependencyInjectionTestExecutionListener, org.springframework.test.context.support.DirtiesContextTestExecutionListener, org.springframework.test.context.transaction.TransactionalTestExecutionListener, org.springframework.test.context.jdbc.SqlScriptsTestExecutionListener, org.springframework.test.context.event.EventPublishingTestExecutionListener]
02:11:43.610 [Test worker] DEBUG org.springframework.boot.test.context.SpringBootTestContextBootstrapper - Skipping candidate TestExecutionListener [org.springframework.test.context.transaction.TransactionalTestExecutionListener] due to a missing dependency. Specify custom listener classes or make the default listener classes and their required dependencies available. Offending class: [org/springframework/transaction/interceptor/TransactionAttributeSource]
02:11:43.612 [Test worker] DEBUG org.springframework.boot.test.context.SpringBootTestContextBootstrapper - Skipping candidate TestExecutionListener [org.springframework.test.context.jdbc.SqlScriptsTestExecutionListener] due to a missing dependency. Specify custom listener classes or make the default listener classes and their required dependencies available. Offending class: [org/springframework/transaction/interceptor/TransactionAttribute]
02:11:43.612 [Test worker] INFO org.springframework.boot.test.context.SpringBootTestContextBootstrapper - Using TestExecutionListeners: [org.springframework.test.context.web.ServletTestExecutionListener@786a085d, org.springframework.test.context.support.DirtiesContextBeforeModesTestExecutionListener@40f7cba2, org.springframework.test.context.event.ApplicationEventsTestExecutionListener@7d2560af, org.springframework.boot.test.mock.mockito.MockitoTestExecutionListener@33d5efb8, org.springframework.boot.test.autoconfigure.SpringBootDependencyInjectionTestExecutionListener@1bd5317f, org.springframework.test.context.support.DirtiesContextTestExecutionListener@6501537c, org.springframework.test.context.event.EventPublishingTestExecutionListener@33f7776b, org.springframework.boot.test.autoconfigure.restdocs.RestDocsTestExecutionListener@2f43f682, org.springframework.boot.test.autoconfigure.web.client.MockRestServiceServerResetTestExecutionListener@1d2f64dc, org.springframework.boot.test.autoconfigure.web.servlet.MockMvcPrintOnlyOnFailureTestExecutionListener@725a4eb6, org.springframework.boot.test.autoconfigure.web.servlet.WebDriverTestExecutionListener@7a9e33b9, org.springframework.boot.test.autoconfigure.webservices.client.MockWebServiceServerTestExecutionListener@4a592d8e, org.springframework.boot.test.mock.mockito.ResetMocksTestExecutionListener@2c36a99d]
02:11:43.618 [Test worker] DEBUG org.springframework.test.context.support.AbstractDirtiesContextTestExecutionListener - Before test class: context [DefaultTestContext@67b67beb testClass = KwsApplicationTests, testInstance = [null], testMethod = [null], testException = [null], mergedContextConfiguration = [WebMergedContextConfiguration@56a736a0 testClass = KwsApplicationTests, locations = '{}', classes = '{class com.kwssis.kws.KwsApplication}', contextInitializerClasses = '[]', activeProfiles = '{}', propertySourceLocations = '{}', propertySourceProperties = '{org.springframework.boot.test.context.SpringBootTestContextBootstrapper=true}', contextCustomizers = set[org.springframework.boot.test.autoconfigure.actuate.metrics.MetricsExportContextCustomizerFactory$DisableMetricExportContextCustomizer@645c16cd, org.springframework.boot.test.autoconfigure.properties.PropertyMappingContextCustomizer@0, org.springframework.boot.test.autoconfigure.web.servlet.WebDriverContextCustomizerFactory$Customizer@1e9a6bdb, org.springframework.boot.test.context.filter.ExcludeFilterContextCustomizer@1c344bfb, org.springframework.boot.test.json.DuplicateJsonObjectContextCustomizerFactory$DuplicateJsonObjectContextCustomizer@26329449, org.springframework.boot.test.mock.mockito.MockitoContextCustomizer@0, org.springframework.boot.test.web.client.TestRestTemplateContextCustomizer@7484a49f, org.springframework.boot.test.context.SpringBootTestArgs@1, org.springframework.boot.test.context.SpringBootTestWebEnvironment@3d1c8f62], resourceBasePath = 'src/main/webapp', contextLoader = 'org.springframework.boot.test.context.SpringBootContextLoader', parent = [null]], attributes = map['org.springframework.test.context.web.ServletTestExecutionListener.activateListener' -> true]], class annotated with @DirtiesContext [false] with mode [null].
02:11:43.654 [Test worker] DEBUG org.springframework.test.context.support.TestPropertySourceUtils - Adding inlined properties to environment: {spring.jmx.enabled=false, org.springframework.boot.test.context.SpringBootTestContextBootstrapper=true}

  .   ____          _            __ _ _
 /\\ / ___'_ __ _ _(_)_ __  __ _ \ \ \ \
( ( )\___ | '_ | '_| | '_ \/ _` | \ \ \ \
 \\/  ___)| |_)| | | | | || (_| |  ) ) ) )
  '  |____| .__|_| |_|_| |_\__, | / / / /
 =========|_|==============|___/=/_/_/_/
 :: Spring Boot ::                (v2.5.0)

2021-05-27 02:11:43.917  INFO 7300 --- [    Test worker] com.kwssis.kws.KwsApplicationTests       : Starting KwsApplicationTests using Java 16.0.1 on DESKTOP-BQAM3D4 with PID 7300 (started by e in C:\workSpace\kws\kws-api)
2021-05-27 02:11:43.922  INFO 7300 --- [    Test worker] com.kwssis.kws.KwsApplicationTests       : No active profile set, falling back to default profiles: default
2021-05-27 02:11:45.374  INFO 7300 --- [    Test worker] com.kwssis.kws.KwsApplicationTests       : Started KwsApplicationTests in 1.712 seconds (JVM running for 2.741)
2021-05-27 02:11:45.377  INFO 7300 --- [    Test worker] o.s.b.a.ApplicationAvailabilityBean      : Application availability state LivenessState changed to CORRECT
2021-05-27 02:11:45.383  INFO 7300 --- [    Test worker] o.s.b.a.ApplicationAvailabilityBean      : Application availability state ReadinessState changed to ACCEPTING_TRAFFIC
]]></system-out>
  <system-err><![CDATA[]]></system-err>
</testsuite>
